ژوئیهٔ ۱۹, ۲۰۲۱ ۷:۰۸:۴۶ بعدازظهر Manager ReadTasksFile
INFO: tasks.txt read successfully
ژوئیهٔ ۱۹, ۲۰۲۱ ۷:۰۹:۰۹ بعدازظهر Manager ReadAccountsFiles
INFO: Accounts.txt file read successfully
ژوئیهٔ ۱۹, ۲۰۲۱ ۷:۰۹:۱۶ بعدازظهر Manager GrassDanger
WARNING: there is no grass at the yard ..plant one
ژوئیهٔ ۱۹, ۲۰۲۱ ۷:۰۹:۱۶ بعدازظهر Manager ReadMissionFile
INFO: missions.txt read successfully
ژوئیهٔ ۱۹, ۲۰۲۱ ۷:۰۹:۱۶ بعدازظهر Manager GrassDanger
WARNING: there is no grass at the yard ..plant one
ژوئیهٔ ۱۹, ۲۰۲۱ ۷:۰۹:۱۶ بعدازظهر Manager ReadMissionFile
INFO: missions.txt read successfully
ژوئیهٔ ۱۹, ۲۰۲۱ ۷:۰۹:۱۶ بعدازظهر Manager GrassDanger
WARNING: there is no grass at the yard ..plant one
ژوئیهٔ ۱۹, ۲۰۲۱ ۷:۰۹:۱۶ بعدازظهر Manager ReadMissionFile
INFO: missions.txt read successfully
ژوئیهٔ ۱۹, ۲۰۲۱ ۷:۰۹:۱۸ بعدازظهر Manager Plant
INFO: grass added at (600 400)
ژوئیهٔ ۱۹, ۲۰۲۱ ۷:۰۹:۱۸ بعدازظهر Manager ReadMissionFile
INFO: missions.txt read successfully
ژوئیهٔ ۱۹, ۲۰۲۱ ۷:۰۹:۱۸ بعدازظهر Manager ReadMissionFile
INFO: missions.txt read successfully
ژوئیهٔ ۱۹, ۲۰۲۱ ۷:۰۹:۱۹ بعدازظهر Manager ReadMissionFile
INFO: missions.txt read successfully
ژوئیهٔ ۱۹, ۲۰۲۱ ۷:۰۹:۱۹ بعدازظهر Manager ReadMissionFile
INFO: missions.txt read successfully
ژوئیهٔ ۱۹, ۲۰۲۱ ۷:۰۹:۲۰ بعدازظهر Manager ReadMissionFile
INFO: missions.txt read successfully
ژوئیهٔ ۱۹, ۲۰۲۱ ۷:۰۹:۲۰ بعدازظهر Manager ReadMissionFile
INFO: missions.txt read successfully
ژوئیهٔ ۱۹, ۲۰۲۱ ۷:۰۹:۲۰ بعدازظهر Manager ReadMissionFile
INFO: missions.txt read successfully
ژوئیهٔ ۱۹, ۲۰۲۱ ۷:۰۹:۲۰ بعدازظهر Manager ReadMissionFile
INFO: missions.txt read successfully
ژوئیهٔ ۱۹, ۲۰۲۱ ۷:۰۹:۲۰ بعدازظهر Manager ReadMissionFile
INFO: missions.txt read successfully
ژوئیهٔ ۱۹, ۲۰۲۱ ۷:۰۹:۲۰ بعدازظهر Manager ReadMissionFile
INFO: missions.txt read successfully
ژوئیهٔ ۱۹, ۲۰۲۱ ۷:۰۹:۲۰ بعدازظهر Manager ReadMissionFile
INFO: missions.txt read successfully
ژوئیهٔ ۱۹, ۲۰۲۱ ۷:۰۹:۲۰ بعدازظهر Manager ReadMissionFile
INFO: missions.txt read successfully
ژوئیهٔ ۱۹, ۲۰۲۱ ۷:۰۹:۲۰ بعدازظهر Manager ReadMissionFile
INFO: missions.txt read successfully
ژوئیهٔ ۱۹, ۲۰۲۱ ۷:۰۹:۲۰ بعدازظهر Manager ReadMissionFile
INFO: missions.txt read successfully
ژوئیهٔ ۱۹, ۲۰۲۱ ۷:۰۹:۲۰ بعدازظهر Manager ReadMissionFile
INFO: missions.txt read successfully
ژوئیهٔ ۱۹, ۲۰۲۱ ۷:۰۹:۲۰ بعدازظهر Manager ReadMissionFile
INFO: missions.txt read successfully
ژوئیهٔ ۱۹, ۲۰۲۱ ۷:۰۹:۲۰ بعدازظهر Manager ReadMissionFile
INFO: missions.txt read successfully
ژوئیهٔ ۱۹, ۲۰۲۱ ۷:۰۹:۲۱ بعدازظهر Manager ReadMissionFile
INFO: missions.txt read successfully
ژوئیهٔ ۱۹, ۲۰۲۱ ۷:۰۹:۲۱ بعدازظهر Manager ReadMissionFile
INFO: missions.txt read successfully
ژوئیهٔ ۱۹, ۲۰۲۱ ۷:۰۹:۲۱ بعدازظهر Manager ReadMissionFile
INFO: missions.txt read successfully
ژوئیهٔ ۱۹, ۲۰۲۱ ۷:۰۹:۲۱ بعدازظهر Manager ReadMissionFile
INFO: missions.txt read successfully
ژوئیهٔ ۱۹, ۲۰۲۱ ۷:۰۹:۲۱ بعدازظهر Manager ReadMissionFile
INFO: missions.txt read successfully
ژوئیهٔ ۱۹, ۲۰۲۱ ۷:۰۹:۲۱ بعدازظهر Manager ReadMissionFile
INFO: missions.txt read successfully
ژوئیهٔ ۱۹, ۲۰۲۱ ۷:۰۹:۲۱ بعدازظهر Manager ReadMissionFile
INFO: missions.txt read successfully
ژوئیهٔ ۱۹, ۲۰۲۱ ۷:۰۹:۲۱ بعدازظهر Manager ReadMissionFile
INFO: missions.txt read successfully
ژوئیهٔ ۱۹, ۲۰۲۱ ۷:۰۹:۲۱ بعدازظهر Manager ReadMissionFile
INFO: missions.txt read successfully
ژوئیهٔ ۱۹, ۲۰۲۱ ۷:۰۹:۲۱ بعدازظهر Manager ReadMissionFile
INFO: missions.txt read successfully
ژوئیهٔ ۱۹, ۲۰۲۱ ۷:۰۹:۲۱ بعدازظهر Manager ReadMissionFile
INFO: missions.txt read successfully
ژوئیهٔ ۱۹, ۲۰۲۱ ۷:۰۹:۲۱ بعدازظهر Manager ReadMissionFile
INFO: missions.txt read successfully
ژوئیهٔ ۱۹, ۲۰۲۱ ۷:۰۹:۲۲ بعدازظهر Manager ReadMissionFile
INFO: missions.txt read successfully
ژوئیهٔ ۱۹, ۲۰۲۱ ۷:۰۹:۲۲ بعدازظهر Manager ReadMissionFile
INFO: missions.txt read successfully
ژوئیهٔ ۱۹, ۲۰۲۱ ۷:۰۹:۲۲ بعدازظهر Manager ReadMissionFile
INFO: missions.txt read successfully
ژوئیهٔ ۱۹, ۲۰۲۱ ۷:۰۹:۲۲ بعدازظهر Manager ReadMissionFile
INFO: missions.txt read successfully
ژوئیهٔ ۱۹, ۲۰۲۱ ۷:۰۹:۲۲ بعدازظهر Manager ReadMissionFile
INFO: missions.txt read successfully
ژوئیهٔ ۱۹, ۲۰۲۱ ۷:۰۹:۲۲ بعدازظهر Manager ReadMissionFile
INFO: missions.txt read successfully
ژوئیهٔ ۱۹, ۲۰۲۱ ۷:۰۹:۲۲ بعدازظهر Manager ReadMissionFile
INFO: missions.txt read successfully
ژوئیهٔ ۱۹, ۲۰۲۱ ۷:۰۹:۲۲ بعدازظهر Manager ReadMissionFile
INFO: missions.txt read successfully
ژوئیهٔ ۱۹, ۲۰۲۱ ۷:۰۹:۲۲ بعدازظهر Manager ReadMissionFile
INFO: missions.txt read successfully
ژوئیهٔ ۱۹, ۲۰۲۱ ۷:۰۹:۲۲ بعدازظهر Manager ReadMissionFile
INFO: missions.txt read successfully
ژوئیهٔ ۱۹, ۲۰۲۱ ۷:۰۹:۲۲ بعدازظهر Manager ReadMissionFile
INFO: missions.txt read successfully
ژوئیهٔ ۱۹, ۲۰۲۱ ۷:۰۹:۲۲ بعدازظهر Manager ReadMissionFile
INFO: missions.txt read successfully
ژوئیهٔ ۱۹, ۲۰۲۱ ۷:۰۹:۲۳ بعدازظهر Manager ReadMissionFile
INFO: missions.txt read successfully
ژوئیهٔ ۱۹, ۲۰۲۱ ۷:۰۹:۲۳ بعدازظهر Manager ReadMissionFile
INFO: missions.txt read successfully
ژوئیهٔ ۱۹, ۲۰۲۱ ۷:۰۹:۲۳ بعدازظهر Manager ReadMissionFile
INFO: missions.txt read successfully
ژوئیهٔ ۱۹, ۲۰۲۱ ۷:۰۹:۲۳ بعدازظهر Manager ReadMissionFile
INFO: missions.txt read successfully
ژوئیهٔ ۱۹, ۲۰۲۱ ۷:۰۹:۲۳ بعدازظهر Manager ReadMissionFile
INFO: missions.txt read successfully
ژوئیهٔ ۱۹, ۲۰۲۱ ۷:۰۹:۲۳ بعدازظهر Manager ReadMissionFile
INFO: missions.txt read successfully
ژوئیهٔ ۱۹, ۲۰۲۱ ۷:۰۹:۲۳ بعدازظهر Manager ReadMissionFile
INFO: missions.txt read successfully
ژوئیهٔ ۱۹, ۲۰۲۱ ۷:۰۹:۲۳ بعدازظهر Manager ReadMissionFile
INFO: missions.txt read successfully
ژوئیهٔ ۱۹, ۲۰۲۱ ۷:۰۹:۲۳ بعدازظهر Manager ReadMissionFile
INFO: missions.txt read successfully
ژوئیهٔ ۱۹, ۲۰۲۱ ۷:۰۹:۲۳ بعدازظهر Manager ReadMissionFile
INFO: missions.txt read successfully
ژوئیهٔ ۱۹, ۲۰۲۱ ۷:۰۹:۲۴ بعدازظهر Manager ReadMissionFile
INFO: missions.txt read successfully
ژوئیهٔ ۱۹, ۲۰۲۱ ۷:۰۹:۲۴ بعدازظهر Manager ReadMissionFile
INFO: missions.txt read successfully
ژوئیهٔ ۱۹, ۲۰۲۱ ۷:۰۹:۲۴ بعدازظهر Manager ReadMissionFile
INFO: missions.txt read successfully
ژوئیهٔ ۱۹, ۲۰۲۱ ۷:۰۹:۲۴ بعدازظهر Manager ReadMissionFile
INFO: missions.txt read successfully
ژوئیهٔ ۱۹, ۲۰۲۱ ۷:۰۹:۲۴ بعدازظهر Manager ReadMissionFile
INFO: missions.txt read successfully
ژوئیهٔ ۱۹, ۲۰۲۱ ۷:۰۹:۲۴ بعدازظهر Manager ReadMissionFile
INFO: missions.txt read successfully
ژوئیهٔ ۱۹, ۲۰۲۱ ۷:۰۹:۲۴ بعدازظهر Manager ReadMissionFile
INFO: missions.txt read successfully
ژوئیهٔ ۱۹, ۲۰۲۱ ۷:۰۹:۲۴ بعدازظهر Manager ReadMissionFile
INFO: missions.txt read successfully
ژوئیهٔ ۱۹, ۲۰۲۱ ۷:۰۹:۲۴ بعدازظهر Manager ReadMissionFile
INFO: missions.txt read successfully
ژوئیهٔ ۱۹, ۲۰۲۱ ۷:۰۹:۲۴ بعدازظهر Manager AddWildAnimal
INFO: lion added on random XY_cordinate based on missions file
ژوئیهٔ ۱۹, ۲۰۲۱ ۷:۰۹:۲۵ بعدازظهر Manager ReadMissionFile
INFO: missions.txt read successfully
ژوئیهٔ ۱۹, ۲۰۲۱ ۷:۰۹:۲۵ بعدازظهر Manager ReadMissionFile
INFO: missions.txt read successfully
ژوئیهٔ ۱۹, ۲۰۲۱ ۷:۰۹:۲۶ بعدازظهر Manager ReadMissionFile
INFO: missions.txt read successfully
ژوئیهٔ ۱۹, ۲۰۲۱ ۷:۰۹:۲۷ بعدازظهر Manager ReadMissionFile
INFO: missions.txt read successfully
ژوئیهٔ ۱۹, ۲۰۲۱ ۷:۰۹:۲۹ بعدازظهر Manager ReadMissionFile
INFO: missions.txt read successfully
ژوئیهٔ ۱۹, ۲۰۲۱ ۷:۰۹:۲۹ بعدازظهر Manager Plant
INFO: grass added at (375 400)
ژوئیهٔ ۱۹, ۲۰۲۱ ۷:۰۹:۲۹ بعدازظهر Manager ReadMissionFile
INFO: missions.txt read successfully
ژوئیهٔ ۱۹, ۲۰۲۱ ۷:۰۹:۳۰ بعدازظهر Manager ReadMissionFile
INFO: missions.txt read successfully
ژوئیهٔ ۱۹, ۲۰۲۱ ۷:۰۹:۳۲ بعدازظهر Manager ReadMissionFile
INFO: missions.txt read successfully
ژوئیهٔ ۱۹, ۲۰۲۱ ۷:۰۹:۳۳ بعدازظهر Manager ReadMissionFile
INFO: missions.txt read successfully
ژوئیهٔ ۱۹, ۲۰۲۱ ۷:۰۹:۳۴ بعدازظهر Manager Plant
INFO: grass added at (450 475)
ژوئیهٔ ۱۹, ۲۰۲۱ ۷:۰۹:۳۴ بعدازظهر Manager ReadMissionFile
INFO: missions.txt read successfully
ژوئیهٔ ۱۹, ۲۰۲۱ ۷:۰۹:۳۵ بعدازظهر Manager ReadMissionFile
INFO: missions.txt read successfully
ژوئیهٔ ۱۹, ۲۰۲۱ ۷:۰۹:۳۶ بعدازظهر Manager Plant
INFO: grass added at (450 475)
ژوئیهٔ ۱۹, ۲۰۲۱ ۷:۰۹:۳۶ بعدازظهر Manager ReadMissionFile
INFO: missions.txt read successfully
ژوئیهٔ ۱۹, ۲۰۲۱ ۷:۰۹:۳۶ بعدازظهر Manager ReadMissionFile
INFO: missions.txt read successfully
ژوئیهٔ ۱۹, ۲۰۲۱ ۷:۰۹:۳۸ بعدازظهر Manager ReadMissionFile
INFO: missions.txt read successfully
ژوئیهٔ ۱۹, ۲۰۲۱ ۷:۰۹:۳۸ بعدازظهر Manager Plant
INFO: grass added at (375 325)
ژوئیهٔ ۱۹, ۲۰۲۱ ۷:۰۹:۳۸ بعدازظهر Manager ReadMissionFile
INFO: missions.txt read successfully
ژوئیهٔ ۱۹, ۲۰۲۱ ۷:۰۹:۳۹ بعدازظهر Manager ReadMissionFile
INFO: missions.txt read successfully
ژوئیهٔ ۱۹, ۲۰۲۱ ۷:۰۹:۴۰ بعدازظهر Manager Plant
WARNING: there is no water to plant a grass
ژوئیهٔ ۱۹, ۲۰۲۱ ۷:۰۹:۴۰ بعدازظهر Manager ReadMissionFile
INFO: missions.txt read successfully
ژوئیهٔ ۱۹, ۲۰۲۱ ۷:۰۹:۴۱ بعدازظهر Manager ReadMissionFile
INFO: missions.txt read successfully
ژوئیهٔ ۱۹, ۲۰۲۱ ۷:۰۹:۴۲ بعدازظهر Manager ReadMissionFile
INFO: missions.txt read successfully
ژوئیهٔ ۱۹, ۲۰۲۱ ۷:۰۹:۴۴ بعدازظهر Manager ReadMissionFile
INFO: missions.txt read successfully
ژوئیهٔ ۱۹, ۲۰۲۱ ۷:۰۹:۴۴ بعدازظهر Manager Plant
WARNING: there is no water to plant a grass
ژوئیهٔ ۱۹, ۲۰۲۱ ۷:۰۹:۴۴ بعدازظهر Manager ReadMissionFile
INFO: missions.txt read successfully
ژوئیهٔ ۱۹, ۲۰۲۱ ۷:۰۹:۴۵ بعدازظهر Manager ReadMissionFile
INFO: missions.txt read successfully
ژوئیهٔ ۱۹, ۲۰۲۱ ۷:۰۹:۴۶ بعدازظهر Manager Plant
WARNING: there is no water to plant a grass
ژوئیهٔ ۱۹, ۲۰۲۱ ۷:۰۹:۴۶ بعدازظهر Manager ReadMissionFile
INFO: missions.txt read successfully
ژوئیهٔ ۱۹, ۲۰۲۱ ۷:۰۹:۴۷ بعدازظهر Manager ReadMissionFile
INFO: missions.txt read successfully
ژوئیهٔ ۱۹, ۲۰۲۱ ۷:۰۹:۴۸ بعدازظهر Manager Plant
WARNING: there is no water to plant a grass
ژوئیهٔ ۱۹, ۲۰۲۱ ۷:۰۹:۴۸ بعدازظهر Manager ReadMissionFile
INFO: missions.txt read successfully
ژوئیهٔ ۱۹, ۲۰۲۱ ۷:۰۹:۴۸ بعدازظهر Manager ReadMissionFile
INFO: missions.txt read successfully
ژوئیهٔ ۱۹, ۲۰۲۱ ۷:۰۹:۵۰ بعدازظهر Manager ReadMissionFile
INFO: missions.txt read successfully
ژوئیهٔ ۱۹, ۲۰۲۱ ۷:۰۹:۵۱ بعدازظهر Manager ReadMissionFile
INFO: missions.txt read successfully
ژوئیهٔ ۱۹, ۲۰۲۱ ۷:۰۹:۵۱ بعدازظهر Manager Plant
WARNING: there is no water to plant a grass
ژوئیهٔ ۱۹, ۲۰۲۱ ۷:۰۹:۵۱ بعدازظهر Manager ReadMissionFile
INFO: missions.txt read successfully
ژوئیهٔ ۱۹, ۲۰۲۱ ۷:۰۹:۵۳ بعدازظهر Manager ReadMissionFile
INFO: missions.txt read successfully
ژوئیهٔ ۱۹, ۲۰۲۱ ۷:۰۹:۵۷ بعدازظهر Manager TruckGo
INFO: truck went to sell everything
ژوئیهٔ ۱۹, ۲۰۲۱ ۷:۰۹:۵۸ بعدازظهر Manager TruckGo
INFO: truck went to sell everything
ژوئیهٔ ۱۹, ۲۰۲۱ ۷:۰۹:۵۹ بعدازظهر Manager ReadMissionFile
INFO: missions.txt read successfully
ژوئیهٔ ۱۹, ۲۰۲۱ ۷:۰۹:۵۹ بعدازظهر Manager ReadMissionFile
INFO: missions.txt read successfully
ژوئیهٔ ۱۹, ۲۰۲۱ ۷:۰۹:۵۹ بعدازظهر Manager ReadMissionFile
INFO: missions.txt read successfully
ژوئیهٔ ۱۹, ۲۰۲۱ ۷:۰۹:۵۹ بعدازظهر Manager ReadMissionFile
INFO: missions.txt read successfully
ژوئیهٔ ۱۹, ۲۰۲۱ ۷:۰۹:۵۹ بعدازظهر Manager ReadMissionFile
INFO: missions.txt read successfully
ژوئیهٔ ۱۹, ۲۰۲۱ ۷:۰۹:۵۹ بعدازظهر Manager ReadMissionFile
INFO: missions.txt read successfully
ژوئیهٔ ۱۹, ۲۰۲۱ ۷:۰۹:۵۹ بعدازظهر Manager ReadMissionFile
INFO: missions.txt read successfully
ژوئیهٔ ۱۹, ۲۰۲۱ ۷:۱۰:۰۰ بعدازظهر Manager ReadMissionFile
INFO: missions.txt read successfully
ژوئیهٔ ۱۹, ۲۰۲۱ ۷:۱۰:۰۰ بعدازظهر Manager ReadMissionFile
INFO: missions.txt read successfully
ژوئیهٔ ۱۹, ۲۰۲۱ ۷:۱۰:۰۰ بعدازظهر Manager ReadMissionFile
INFO: missions.txt read successfully
ژوئیهٔ ۱۹, ۲۰۲۱ ۷:۱۰:۰۰ بعدازظهر Manager ReadMissionFile
INFO: missions.txt read successfully
ژوئیهٔ ۱۹, ۲۰۲۱ ۷:۱۰:۰۰ بعدازظهر Manager ReadMissionFile
INFO: missions.txt read successfully
ژوئیهٔ ۱۹, ۲۰۲۱ ۷:۱۰:۰۰ بعدازظهر Manager ReadMissionFile
INFO: missions.txt read successfully
ژوئیهٔ ۱۹, ۲۰۲۱ ۷:۱۰:۰۰ بعدازظهر Manager ReadMissionFile
INFO: missions.txt read successfully
ژوئیهٔ ۱۹, ۲۰۲۱ ۷:۱۰:۰۰ بعدازظهر Manager ReadMissionFile
INFO: missions.txt read successfully
ژوئیهٔ ۱۹, ۲۰۲۱ ۷:۱۰:۰۰ بعدازظهر Manager ReadMissionFile
INFO: missions.txt read successfully
ژوئیهٔ ۱۹, ۲۰۲۱ ۷:۱۰:۰۰ بعدازظهر Manager ReadMissionFile
INFO: missions.txt read successfully
ژوئیهٔ ۱۹, ۲۰۲۱ ۷:۱۰:۰۰ بعدازظهر Manager ReadMissionFile
INFO: missions.txt read successfully
ژوئیهٔ ۱۹, ۲۰۲۱ ۷:۱۰:۰۰ بعدازظهر Manager ReadMissionFile
INFO: missions.txt read successfully
ژوئیهٔ ۱۹, ۲۰۲۱ ۷:۱۰:۰۰ بعدازظهر Manager ReadMissionFile
INFO: missions.txt read successfully
ژوئیهٔ ۱۹, ۲۰۲۱ ۷:۱۰:۰۰ بعدازظهر Manager ReadMissionFile
INFO: missions.txt read successfully
ژوئیهٔ ۱۹, ۲۰۲۱ ۷:۱۰:۰۰ بعدازظهر Manager ReadMissionFile
INFO: missions.txt read successfully
ژوئیهٔ ۱۹, ۲۰۲۱ ۷:۱۰:۰۰ بعدازظهر Manager ReadMissionFile
INFO: missions.txt read successfully
ژوئیهٔ ۱۹, ۲۰۲۱ ۷:۱۰:۰۰ بعدازظهر Manager ReadMissionFile
INFO: missions.txt read successfully
ژوئیهٔ ۱۹, ۲۰۲۱ ۷:۱۰:۰۰ بعدازظهر Manager ReadMissionFile
INFO: missions.txt read successfully
ژوئیهٔ ۱۹, ۲۰۲۱ ۷:۱۰:۰۰ بعدازظهر Manager ReadMissionFile
INFO: missions.txt read successfully
ژوئیهٔ ۱۹, ۲۰۲۱ ۷:۱۰:۰۰ بعدازظهر Manager ReadMissionFile
INFO: missions.txt read successfully
ژوئیهٔ ۱۹, ۲۰۲۱ ۷:۱۰:۰۰ بعدازظهر Manager ReadMissionFile
INFO: missions.txt read successfully
ژوئیهٔ ۱۹, ۲۰۲۱ ۷:۱۰:۰۲ بعدازظهر Manager ReadMissionFile
INFO: missions.txt read successfully
ژوئیهٔ ۱۹, ۲۰۲۱ ۷:۱۰:۰۴ بعدازظهر Manager WriteOnAccountsFile
INFO: write on Accounts.txt was ok
